d:\git-proj\demoapp\demoapp\demoapp\debug\vc140.pdb
d:\git-proj\demoapp\demoapp\demoapp\debug\vc140.idb
d:\git-proj\demoapp\demoapp\demoapp\debug\main.obj
d:\git-proj\demoapp\demoapp\demoapp\debug\window.obj
d:\git-proj\demoapp\demoapp\demoapp\debug\inputhandler.obj
d:\git-proj\demoapp\demoapp\demoapp\debug\keyboardhandler.obj
d:\git-proj\demoapp\demoapp\demoapp\debug\system.obj
d:\git-proj\demoapp\demoapp\demoapp\debug\windowsinputhandler.obj
d:\git-proj\demoapp\demoapp\demoapp\debug\event.obj
d:\git-proj\demoapp\demoapp\demoapp\debug\windowsevent.obj
d:\git-proj\demoapp\demoapp\demoapp\debug\basewindow.obj
d:\git-proj\demoapp\demoapp\demoapp\debug\eventhandler.obj
d:\git-proj\demoapp\demoapp\demoapp\debug\application.obj
d:\git-proj\demoapp\demoapp\demoapp\debug\controller.obj
d:\git-proj\demoapp\demoapp\demoapp\debug\keyboardcontroller.obj
d:\git-proj\demoapp\demoapp\demoapp\debug\object.obj
d:\git-proj\demoapp\demoapp\demoapp\debug\mousehandler.obj
d:\git-proj\demoapp\demoapp\demoapp\debug\mousecontroller.obj
d:\git-proj\demoapp\demoapp\debug\demoapp.ilk
d:\git-proj\demoapp\demoapp\debug\demoapp.exe
d:\git-proj\demoapp\demoapp\debug\demoapp.pdb
d:\git-proj\demoapp\demoapp\demoapp\debug\demoapp.tlog\cl.command.1.tlog
d:\git-proj\demoapp\demoapp\demoapp\debug\demoapp.tlog\cl.read.1.tlog
d:\git-proj\demoapp\demoapp\demoapp\debug\demoapp.tlog\cl.write.1.tlog
d:\git-proj\demoapp\demoapp\demoapp\debug\demoapp.tlog\link.command.1.tlog
d:\git-proj\demoapp\demoapp\demoapp\debug\demoapp.tlog\link.read.1.tlog
d:\git-proj\demoapp\demoapp\demoapp\debug\demoapp.tlog\link.write.1.tlog
